Removed Pin From Net: NetName=NetJ3_17 Pin=J4-1
Removed Pin From Net: NetName=NetJ4_2 Pin=J4-2
Removed Pin From Net: NetName=NetJ3_7 Pin=J4-3
Removed Pin From Net: NetName=NetJ4_2 Pin=T2-1
Removed Pin From Net: NetName=NetT2_4 Pin=U3-1
Removed Pin From Net: NetName=NetU1_1 Pin=U3-2
Removed Member From Class: ClassName=JetsonBreakout_SoC_1.0_EY Member=U3
Change Component Footprint: Designator=U2 Old Footprint=NS0014A_L New Footprint=DIP794W53P254L1930H508Q14N
Change Component Comment : Designator=U2 Old Comment= New Comment=SN74LS04NE4
Change Component Designator: OldDesignator=J3 NewDesignator=J5
Change Managed Component Library Link : Designator=U2 Old VaultGUID=B7D15EC3-160A-466F-A46C-7801FE6295A7 New VaultGUID= Old ItemGUID=BFB5B0DF-76F4-4776-A3A1-85D78E30AB18 New ItemGUID= Old RevisionGUID=9F1719E9-85F0-42C7-BA0D-F55B83FD911F New RevisionGUID=
Change component parameters: Designator = "U2" ("U2"); Footprint = "NS0014A_L"; UniqueID = "\TILNINVZ" ("\TILNINVZ")
Change component parameters (AddParameter): Name = "Datasheet Link"; Value = "http://www.ti.com/lit/ds/symlink/sn74ls04.pdf"; VariantName = "[No Variations]"
Change component parameters (AddParameter): Name = "Height"; Value = "5.08mm"; VariantName = "[No Variations]"
Change component parameters (AddParameter): Name = "Manufacturer_Name"; Value = "Texas Instruments"; VariantName = "[No Variations]"
Change component parameters (AddParameter): Name = "Manufacturer_Part_Number"; Value = "SN74LS04NE4"; VariantName = "[No Variations]"
Change component parameters (AddParameter): Name = "Mouser Part Number"; Value = "595-SN74LS04NE4"; VariantName = "[No Variations]"
Change component parameters (AddParameter): Name = "Mouser Price/Stock"; Value = "https://www.mouser.com/Search/Refine.aspx?Keyword=595-SN74LS04NE4"; VariantName = "[No Variations]"
Change component parameters (AddParameter): Name = "RS Part Number"; Value = ""; VariantName = "[No Variations]"
Change component parameters (AddParameter): Name = "RS Price/Stock"; Value = ""; VariantName = "[No Variations]"
Added Component: Designator=J6(HDR1X3)
Add component (AddParameter): Name = "LatestRevisionDate"; Value = "17-Jul-2002"; VariantName = "[No Variations]"
Add component (AddParameter): Name = "LatestRevisionNote"; Value = "Re-released for DXP Platform."; VariantName = "[No Variations]"
Add component (AddParameter): Name = "Publisher"; Value = "Altium Limited"; VariantName = "[No Variations]"
Added Pin To Net: NetName=NetJ4_2 Pin=J4-2
Added Pin To Net: NetName=NetJ3_17 Pin=J6-1
Added Pin To Net: NetName=NetJ3_7 Pin=J6-3
Added Pin To Net: NetName=NetJ4_2 Pin=R1-1
Added Pin To Net: NetName=NetU1_1 Pin=U2-8
Added Pin To Net: NetName=NetT2_4 Pin=U2-9
Change Net Name : Old Net Name=NetJ3_1 New Net Name=NetJ3_15
Change Net Name : Old Net Name=NetJ3_2 New Net Name=NetJ5_2
Change Net Name : Old Net Name=NetJ3_3 New Net Name=NetJ3_5
Added Pin To Net: NetName=NetJ6_2 Pin=J6-2
Added Pin To Net: NetName=NetJ6_2 Pin=T2-1
Added Net: Name=NetJ6_2
Added Member To Class: ClassName=JetsonBreakout_SoC_1.0_EY Member=Component J5
Added Member To Class: ClassName=JetsonBreakout_SoC_1.0_EY Member=Component J6
